<?xml version="1.0" encoding="UTF-8"?>
<testsuites name="Test Suite 1" time="10" tests="1" failures="0" errors="0">
   <testsuite name="Test Suite 1" tests="1" failures="0" errors="0" time="10" timestamp="2018-03-23 11:06:19" hostname="Jayesh Salgaonkar - DESKTOP-MBF6RPR" id="Test Suites/Test Suite 1">
      <properties>
         <property name="deviceName" value=""/>
         <property name="devicePlatform" value=""/>
         <property name="logFolder" value="C:\\Users\\Jayesh Salgaonkar\\Katalon Studio\\Project 1 - Test\\Reports\\Test Suite 1\\20180323_110617"/>
         <property name="logFiles" value="C:\\Users\\Jayesh Salgaonkar\\Katalon Studio\\Project 1 - Test\\Reports\\Test Suite 1\\20180323_110617\\execution0.log"/>
         <property name="attachments" value=""/>
         <property name="hostName" value="Jayesh Salgaonkar - DESKTOP-MBF6RPR"/>
         <property name="os" value="Windows 10 32bit"/>
         <property name="katalonVersion" value="5.3.1.1"/>
         <property name="browser" value="Chrome 65.0.3325.162"/>
         <property name="hostAddress" value="172.16.0.97"/>
         <property name="sessionId" value="426ec39946f885089ad4b22a81722e29"/>
         <property name="seleniumVersion" value="3.7.1"/>
         <property name="proxyInformation" value="ProxyInformation{proxyOption=NO_PROXY, proxyServerType=HTTP, password=, proxyServerAddress=, proxyServerPort=0}"/>
         <property name="platform" value="Windows 10"/>
      </properties>
      <testcase name="Test Cases/loginGmail" classname="Test Cases/loginGmail" status="PASSED">
         <system-out><![CDATA[2018-03-23 11:06:19 - [TEST_CASE][PASSED] - Test Cases/loginGmail: Test Cases/loginGmail

2018-03-23 11:06:20 - [TEST_STEP][PASSED] - openBrowser: Browser is opened with url: ''

2018-03-23 11:06:26 - [MESSAGE][PASSED] - Browser is opened with url: ''

2018-03-23 11:06:26 - [TEST_STEP][PASSED] - navigateToUrl: Navigate to 'https://www.google.com.sg/?gws_rd=ssl' successfully

2018-03-23 11:06:27 - [MESSAGE][PASSED] - Navigate to 'https://www.google.com.sg/?gws_rd=ssl' successfully

2018-03-23 11:06:27 - [TEST_STEP][PASSED] - click: Object: 'Object Repository/loginGmail/Page_Google/a_Gmail' is clicked on

2018-03-23 11:06:28 - [MESSAGE][PASSED] - Object: 'Object Repository/loginGmail/Page_Google/a_Gmail' is clicked on

2018-03-23 11:06:28 - [TEST_STEP][PASSED] - setText: Text 'test' is set on object 'Object Repository/loginGmail/Page_Gmail/input_identifier'

2018-03-23 11:06:29 - [MESSAGE][PASSED] - Text 'test' is set on object 'Object Repository/loginGmail/Page_Gmail/input_identifier'

2018-03-23 11:06:29 - [TEST_STEP][PASSED] - click: Object: 'Object Repository/loginGmail/Page_Gmail/content_Next' is clicked on

2018-03-23 11:06:29 - [MESSAGE][PASSED] - Object: 'Object Repository/loginGmail/Page_Gmail/content_Next' is clicked on

2018-03-23 11:06:29 - [TEST_STEP][PASSED] - closeBrowser: Browser is closed

2018-03-23 11:06:30 - [MESSAGE][PASSED] - Browser is closed]]></system-out>
         <system-err><![CDATA[]]></system-err>
      </testcase>
      <system-out><![CDATA[2018-03-23 11:06:19 - [TEST_SUITE][PASSED] - Test Suite 1: Test Cases/loginGmail]]></system-out>
      <system-err><![CDATA[]]></system-err>
   </testsuite>
</testsuites>
